Time resolution is 1 ps
Test print 2
Test line :  192 , rWord : 111111111111111111111111111111111111111111111111111111111111
Test line :  193 , rWord : 111111111111111111111111111111111111111111111111111111111111
Test line :  194 , rWord : 111111111111111111111111111111111111111111111111111111111111
Test line :  195 , rWord : 111111111111111111111111111111111111111111111111111111111111
Test line :  196 , rWord : 111111111111111111111111111111111111111111111111111111111111
Test line :  197 , rWord : 111111111111111111111111111111111111111111111111111111111111
Test line :  198 , rWord : 111111111111111111111111111111111111111111111111111111111111
Test line :  199 , rWord : 111111111111111111111111111111111111111111111111111111111111
Test line :  200 , rWord : 111111111111111111111111111111111111111111111111111111111111
Test line :  201 , rWord : 111111111111111111111111111111111111111111111111111111111111
Test line :  202 , rWord : 111111111111111111111111111111111111111111111111111111111111
Test line :  203 , rWord : 111111111111111111111111111111111111111111111111111111111111
Test line :  204 , rWord : 000000000000000000000000000000000000000000000000111111111111
Test line :  205 , rWord : 000000000000000000000000000000000000000000000000111111111111
Test line :  206 , rWord : 000000000000000000000000000000000000000000000000111111111111
Test line :  207 , rWord : 000000000000000000000000000000000000000000000000111111111111
Test line :  208 , rWord : 000000000000000000000000000000000000000000000000111111111111
Test line :  209 , rWord : 000000000000000000000000000000000000000000000000111111111111
Test line :  210 , rWord : 000000000000000000000000000000000000000000000000111111111111
Test line :  211 , rWord : 000000000000000000000000000000000000000000000000111111111111
Test line :  212 , rWord : 000000000000000000000000000000000000000000000000111111111111
Test line :  213 , rWord : 000000000000000000000000000000000000000000000000111111111111
Test line :  214 , rWord : 000000000000000000000000000000000000000000000000111111111111
Test line :  215 , rWord : 000000000000000000000000000000000000000000000000111111111111
Test line :  216 , rWord : 000000000000000000000000000000000000000000000000111111111111
Test line :  217 , rWord : 000000000000000000000000000000000000000000000000111111111111
Test line :  218 , rWord : 000000000000000000000000000000000000000000000000111111111111
Test line :  219 , rWord : 000000000000000000000000000000000000000000000000111111111111
Test line :  220 , rWord : 000000000000000000000000000000000000000000000000111111111111
Test line :  221 , rWord : 000000000000000000000000000000000000000000000000111111111111
Test line :  222 , rWord : 000000000000000000000000000000000000000000000000111111111111
Test line :  223 , rWord : 000000000000000000000000000000000000000000000000111111111111
Test line :  224 , rWord : 000000000000000000000000000000000000000000000000111111111111
Test line :  225 , rWord : 000000000000000000000000000000000000000000000000111111111111
Test line :  226 , rWord : 000000000000000000000000000000000000000000000000111111111111
Test line :  227 , rWord : 000000000000000000000000000000000000000000000000111111111111
Test line :  228 , rWord : 000000000000000000000000000000000000000000000000111111111111
Test line :  229 , rWord : 000000000000000000000000000000000000000000000000111111111111
Test line :  230 , rWord : 000000000000000000000000000000000000000000000000111111111111
Test line :  231 , rWord : 000000000000000000000000000000000000000000000000111111111111
Test line :  232 , rWord : 000000000000000000000000000000000000000000000000111111111111
Test line :  233 , rWord : 000000000000000000000000000000000000000000000000111111111111
Test line :  234 , rWord : 111111111111111111111111111111111111111111111111111111111111
Test line :  235 , rWord : 111111111111111111111111111111111111111111111111111111111111
Test line :  236 , rWord : 111111111111111111111111111111111111111111111111111111111111
Test line :  237 , rWord : 111111111111111111111111111111111111111111111111111111111111
Test line :  238 , rWord : 111111111111111111111111111111111111111111111111111111111111
Test line :  239 , rWord : 111111111111111111111111111111111111111111111111111111111111
Test line :  240 , rWord : 111111111111111111111111111111111111111111111111111111111111
Test line :  241 , rWord : 111111111111111111111111111111111111111111111111111111111111
Test line :  242 , rWord : 111111111111111111111111111111111111111111111111111111111111
Test line :  243 , rWord : 111111111111111111111111111111111111111111111111111111111111
Test line :  244 , rWord : 111111111111111111111111111111111111111111111111111111111111
Test line :  245 , rWord : 111111111111111111111111111111111111111111111111111111111111
Test line :  246 , rWord : 111111111111000000000000000000000000000000000000000000000000
Test line :  247 , rWord : 111111111111000000000000000000000000000000000000000000000000
Test line :  248 , rWord : 111111111111000000000000000000000000000000000000000000000000
Test line :  249 , rWord : 111111111111000000000000000000000000000000000000000000000000
Test line :  250 , rWord : 111111111111000000000000000000000000000000000000000000000000
Test line :  251 , rWord : 111111111111000000000000000000000000000000000000000000000000
Test line :  252 , rWord : 111111111111000000000000000000000000000000000000000000000000
Test line :  253 , rWord : 111111111111000000000000000000000000000000000000000000000000
Test line :  254 , rWord : 111111111111000000000000000000000000000000000000000000000000
Test line :  255 , rWord : 111111111111000000000000000000000000000000000000000000000000
Test line :  256 , rWord : 111111111111000000000000000000000000000000000000000000000000
Test line :  257 , rWord : 111111111111000000000000000000000000000000000000000000000000
Test line :  258 , rWord : 111111111111000000000000000000000000000000000000000000000000
Test line :  259 , rWord : 111111111111000000000000000000000000000000000000000000000000
Test line :  260 , rWord : 111111111111000000000000000000000000000000000000000000000000
Test line :  261 , rWord : 111111111111000000000000000000000000000000000000000000000000
Test line :  262 , rWord : 111111111111000000000000000000000000000000000000000000000000
Test line :  263 , rWord : 111111111111000000000000000000000000000000000000000000000000
Test line :  264 , rWord : 111111111111000000000000000000000000000000000000000000000000
Test line :  265 , rWord : 111111111111000000000000000000000000000000000000000000000000
Test line :  266 , rWord : 111111111111000000000000000000000000000000000000000000000000
Test line :  267 , rWord : 111111111111000000000000000000000000000000000000000000000000
Test line :  268 , rWord : 111111111111000000000000000000000000000000000000000000000000
Test line :  269 , rWord : 111111111111000000000000000000000000000000000000000000000000
Test line :  270 , rWord : 111111111111000000000000000000000000000000000000000000000000
Test line :  271 , rWord : 111111111111000000000000000000000000000000000000000000000000
Test line :  272 , rWord : 111111111111000000000000000000000000000000000000000000000000
Test line :  273 , rWord : 111111111111000000000000000000000000000000000000000000000000
Test line :  274 , rWord : 111111111111000000000000000000000000000000000000000000000000
Test line :  275 , rWord : 111111111111000000000000000000000000000000000000000000000000
Test line :  276 , rWord : 111111111111111111111111111111111111111111111111111111111111
Test line :  277 , rWord : 111111111111111111111111111111111111111111111111111111111111
Test line :  278 , rWord : 111111111111111111111111111111111111111111111111111111111111
Test line :  279 , rWord : 111111111111111111111111111111111111111111111111111111111111
Test line :  280 , rWord : 111111111111111111111111111111111111111111111111111111111111
Test line :  281 , rWord : 111111111111111111111111111111111111111111111111111111111111
Test line :  282 , rWord : 111111111111111111111111111111111111111111111111111111111111
Test line :  283 , rWord : 111111111111111111111111111111111111111111111111111111111111
Test line :  284 , rWord : 111111111111111111111111111111111111111111111111111111111111
Test line :  285 , rWord : 111111111111111111111111111111111111111111111111111111111111
Test line :  286 , rWord : 111111111111111111111111111111111111111111111111111111111111
Test line :  287 , rWord : 111111111111111111111111111111111111111111111111111111111111
Test print 7
Test line :  672 , rWord : 111111111111111111111111111111111111111111111111111111111111
Test line :  673 , rWord : 111111111111111111111111111111111111111111111111111111111111
Test line :  674 , rWord : 111111111111111111111111111111111111111111111111111111111111
Test line :  675 , rWord : 111111111111111111111111111111111111111111111111111111111111
Test line :  676 , rWord : 111111111111111111111111111111111111111111111111111111111111
Test line :  677 , rWord : 111111111111111111111111111111111111111111111111111111111111
Test line :  678 , rWord : 111111111111111111111111111111111111111111111111111111111111
Test line :  679 , rWord : 111111111111111111111111111111111111111111111111111111111111
Test line :  680 , rWord : 111111111111111111111111111111111111111111111111111111111111
Test line :  681 , rWord : 111111111111111111111111111111111111111111111111111111111111
Test line :  682 , rWord : 111111111111111111111111111111111111111111111111111111111111
Test line :  683 , rWord : 111111111111111111111111111111111111111111111111111111111111
Test line :  684 , rWord : 000000000000000000000000000000000000000000000000111111111111
Test line :  685 , rWord : 000000000000000000000000000000000000000000000000111111111111
Test line :  686 , rWord : 000000000000000000000000000000000000000000000000111111111111
Test line :  687 , rWord : 000000000000000000000000000000000000000000000000111111111111
Test line :  688 , rWord : 000000000000000000000000000000000000000000000000111111111111
Test line :  689 , rWord : 000000000000000000000000000000000000000000000000111111111111
Test line :  690 , rWord : 000000000000000000000000000000000000000000000000111111111111
Test line :  691 , rWord : 000000000000000000000000000000000000000000000000111111111111
Test line :  692 , rWord : 000000000000000000000000000000000000000000000000111111111111
Test line :  693 , rWord : 000000000000000000000000000000000000000000000000111111111111
Test line :  694 , rWord : 000000000000000000000000000000000000000000000000111111111111
Test line :  695 , rWord : 000000000000000000000000000000000000000000000000111111111111
Test line :  696 , rWord : 000000000000000000000000000000000000000000000000111111111111
Test line :  697 , rWord : 000000000000000000000000000000000000000000000000111111111111
Test line :  698 , rWord : 000000000000000000000000000000000000000000000000111111111111
Test line :  699 , rWord : 000000000000000000000000000000000000000000000000111111111111
Test line :  700 , rWord : 000000000000000000000000000000000000000000000000111111111111
Test line :  701 , rWord : 000000000000000000000000000000000000000000000000111111111111
Test line :  702 , rWord : 000000000000000000000000000000000000000000000000111111111111
Test line :  703 , rWord : 000000000000000000000000000000000000000000000000111111111111
Test line :  704 , rWord : 000000000000000000000000000000000000000000000000111111111111
Test line :  705 , rWord : 000000000000000000000000000000000000000000000000111111111111
Test line :  706 , rWord : 000000000000000000000000000000000000000000000000111111111111
Test line :  707 , rWord : 000000000000000000000000000000000000000000000000111111111111
Test line :  708 , rWord : 000000000000000000000000000000000000000000000000111111111111
Test line :  709 , rWord : 000000000000000000000000000000000000000000000000111111111111
Test line :  710 , rWord : 000000000000000000000000000000000000000000000000111111111111
Test line :  711 , rWord : 000000000000000000000000000000000000000000000000111111111111
Test line :  712 , rWord : 000000000000000000000000000000000000000000000000111111111111
Test line :  713 , rWord : 000000000000000000000000000000000000000000000000111111111111
Test line :  714 , rWord : 000000000000000000000000000000000000000000000000111111111111
Test line :  715 , rWord : 000000000000000000000000000000000000000000000000111111111111
Test line :  716 , rWord : 000000000000000000000000000000000000000000000000111111111111
Test line :  717 , rWord : 000000000000000000000000000000000000000000000000111111111111
Test line :  718 , rWord : 000000000000000000000000000000000000000000000000111111111111
Test line :  719 , rWord : 000000000000000000000000000000000000000000000000111111111111
Test line :  720 , rWord : 000000000000000000000000000000000000000000000000111111111111
Test line :  721 , rWord : 000000000000000000000000000000000000000000000000111111111111
Test line :  722 , rWord : 000000000000000000000000000000000000000000000000111111111111
Test line :  723 , rWord : 000000000000000000000000000000000000000000000000111111111111
Test line :  724 , rWord : 000000000000000000000000000000000000000000000000111111111111
Test line :  725 , rWord : 000000000000000000000000000000000000000000000000111111111111
Test line :  726 , rWord : 000000000000000000000000000000000000000000000000111111111111
Test line :  727 , rWord : 000000000000000000000000000000000000000000000000111111111111
Test line :  728 , rWord : 000000000000000000000000000000000000000000000000111111111111
Test line :  729 , rWord : 000000000000000000000000000000000000000000000000111111111111
Test line :  730 , rWord : 000000000000000000000000000000000000000000000000111111111111
Test line :  731 , rWord : 000000000000000000000000000000000000000000000000111111111111
Test line :  732 , rWord : 000000000000000000000000000000000000000000000000111111111111
Test line :  733 , rWord : 000000000000000000000000000000000000000000000000111111111111
Test line :  734 , rWord : 000000000000000000000000000000000000000000000000111111111111
Test line :  735 , rWord : 000000000000000000000000000000000000000000000000111111111111
Test line :  736 , rWord : 000000000000000000000000000000000000000000000000111111111111
Test line :  737 , rWord : 000000000000000000000000000000000000000000000000111111111111
Test line :  738 , rWord : 000000000000000000000000000000000000000000000000111111111111
Test line :  739 , rWord : 000000000000000000000000000000000000000000000000111111111111
Test line :  740 , rWord : 000000000000000000000000000000000000000000000000111111111111
Test line :  741 , rWord : 000000000000000000000000000000000000000000000000111111111111
Test line :  742 , rWord : 000000000000000000000000000000000000000000000000111111111111
Test line :  743 , rWord : 000000000000000000000000000000000000000000000000111111111111
Test line :  744 , rWord : 000000000000000000000000000000000000000000000000111111111111
Test line :  745 , rWord : 000000000000000000000000000000000000000000000000111111111111
Test line :  746 , rWord : 000000000000000000000000000000000000000000000000111111111111
Test line :  747 , rWord : 000000000000000000000000000000000000000000000000111111111111
Test line :  748 , rWord : 000000000000000000000000000000000000000000000000111111111111
Test line :  749 , rWord : 000000000000000000000000000000000000000000000000111111111111
Test line :  750 , rWord : 000000000000000000000000000000000000000000000000111111111111
Test line :  751 , rWord : 000000000000000000000000000000000000000000000000111111111111
Test line :  752 , rWord : 000000000000000000000000000000000000000000000000111111111111
Test line :  753 , rWord : 000000000000000000000000000000000000000000000000111111111111
Test line :  754 , rWord : 000000000000000000000000000000000000000000000000111111111111
Test line :  755 , rWord : 000000000000000000000000000000000000000000000000111111111111
Test line :  756 , rWord : 000000000000000000000000000000000000000000000000111111111111
Test line :  757 , rWord : 000000000000000000000000000000000000000000000000111111111111
Test line :  758 , rWord : 000000000000000000000000000000000000000000000000111111111111
Test line :  759 , rWord : 000000000000000000000000000000000000000000000000111111111111
Test line :  760 , rWord : 000000000000000000000000000000000000000000000000111111111111
Test line :  761 , rWord : 000000000000000000000000000000000000000000000000111111111111
Test line :  762 , rWord : 000000000000000000000000000000000000000000000000111111111111
Test line :  763 , rWord : 000000000000000000000000000000000000000000000000111111111111
Test line :  764 , rWord : 000000000000000000000000000000000000000000000000111111111111
Test line :  765 , rWord : 000000000000000000000000000000000000000000000000111111111111
Test line :  766 , rWord : 000000000000000000000000000000000000000000000000111111111111
Test line :  767 , rWord : 000000000000000000000000000000000000000000000000111111111111
Test print +
Test line :   60 , rWord : 000000000000000000000000111111111111000000000000000000000000
Test line :   61 , rWord : 000000000000000000000000111111111111000000000000000000000000
Test line :   62 , rWord : 000000000000000000000000111111111111000000000000000000000000
Test line :   63 , rWord : 000000000000000000000000111111111111000000000000000000000000
Test line :   64 , rWord : 000000000000000000000000111111111111000000000000000000000000
Test line :   65 , rWord : 000000000000000000000000111111111111000000000000000000000000
Test line :   66 , rWord : 000000000000000000000000111111111111000000000000000000000000
Test line :   67 , rWord : 000000000000000000000000111111111111000000000000000000000000
Test line :   68 , rWord : 000000000000000000000000111111111111000000000000000000000000
Test line :   69 , rWord : 000000000000000000000000111111111111000000000000000000000000
Test line :   70 , rWord : 000000000000000000000000111111111111000000000000000000000000
Test line :   71 , rWord : 000000000000000000000000111111111111000000000000000000000000
Test line :   72 , rWord : 000000000000000000000000111111111111000000000000000000000000
Test line :   73 , rWord : 000000000000000000000000111111111111000000000000000000000000
Test line :   74 , rWord : 000000000000000000000000111111111111000000000000000000000000
Test line :   75 , rWord : 000000000000000000000000111111111111000000000000000000000000
Test line :   76 , rWord : 000000000000000000000000111111111111000000000000000000000000
Test line :   77 , rWord : 000000000000000000000000111111111111000000000000000000000000
Test line :   78 , rWord : 000000000000000000000000111111111111000000000000000000000000
Test line :   79 , rWord : 000000000000000000000000111111111111000000000000000000000000
Test line :   80 , rWord : 000000000000000000000000111111111111000000000000000000000000
Test line :   81 , rWord : 000000000000000000000000111111111111000000000000000000000000
Test line :   82 , rWord : 000000000000000000000000111111111111000000000000000000000000
Test line :   83 , rWord : 000000000000000000000000111111111111000000000000000000000000
Test line :   84 , rWord : 111111111111111111111111111111111111111111111111111111111111
Test line :   85 , rWord : 111111111111111111111111111111111111111111111111111111111111
Test line :   86 , rWord : 111111111111111111111111111111111111111111111111111111111111
Test line :   87 , rWord : 111111111111111111111111111111111111111111111111111111111111
Test line :   88 , rWord : 111111111111111111111111111111111111111111111111111111111111
Test line :   89 , rWord : 111111111111111111111111111111111111111111111111111111111111
Test line :   90 , rWord : 111111111111111111111111111111111111111111111111111111111111
Test line :   91 , rWord : 111111111111111111111111111111111111111111111111111111111111
Test line :   92 , rWord : 111111111111111111111111111111111111111111111111111111111111
Test line :   93 , rWord : 111111111111111111111111111111111111111111111111111111111111
Test line :   94 , rWord : 111111111111111111111111111111111111111111111111111111111111
Test line :   95 , rWord : 111111111111111111111111111111111111111111111111111111111111
Test line :   96 , rWord : 000000000000000000000000111111111111000000000000000000000000
Test line :   97 , rWord : 000000000000000000000000111111111111000000000000000000000000
Test line :   98 , rWord : 000000000000000000000000111111111111000000000000000000000000
Test line :   99 , rWord : 000000000000000000000000111111111111000000000000000000000000
T